build/app/outputs/mapping/release/seeds.txt
com.example.app_auth.MainActivity
com.example.app_auth.MainActivity: MainActivity()
...
com.pichillilorenzo.flutter_inappwebview.R$id
com.google.android.gms.internal.firebase-auth-api.zzafy
com.google.android.recaptcha.internal.zzlz
com.google.android.recaptcha.internal.zzcr
com.google.android.gms.internal.fido.zzbj
com.google.android.gms.internal.fido.zzl
com.google.android.gms.internal.firebase-auth-api.zzzn
com.google.android.recaptcha.internal.zzfl
androidx.window.embedding.SplitInfo
com.google.android.play.core.integrity.k
com.google.android.gms.internal.auth.zzdp
com.google.android.gms.internal.firebase-auth-api.zzajb
com.google.android.gms.internal.firebase-auth-api.zzaat
androidx.core.app.RemoteActionCompat
com.google.android.gms.internal.fido.zzk
com.google.android.gms.internal.auth-api-phone.zzq
com.google.android.gms.internal.firebase-auth-api.zzuo
com.google.android.recaptcha.internal.zzik
android.support.v4.media.AudioAttributesCompatParcelizer
com.google.android.gms.internal.firebase-auth-api.zzhc
com.google.android.gms.internal.firebase-auth-api.zzajv
com.dexterous.flutterlocalnotifications.RuntimeTypeAdapterFactory
com.pichillilorenzo.flutter_inappwebview.types.WebViewImplementation
androidx.lifecycle.CompositeGeneratedAdaptersObserver
com.google.android.gms.internal.firebase-auth-api.zzhn
com.google.android.recaptcha.internal.zzi
com.google.android.gms.internal.auth.zzfb
com.google.android.gms.internal.firebase-auth-api.zzagw
com.google.android.gms.internal.firebase-auth-api.zzfv
com.google.android.gms.internal.auth.zzgo
com.dexterous.flutterlocalnotifications.models.ScheduledNotificationRepeatFrequency
com.google.android.gms.internal.firebase-auth-api.zzajw
com.google.android.gms.internal.firebase-auth-api.zzyd
com.google.android.gms.internal.firebase-auth-api.zzkd
androidx.window.layout.FoldingFeature$Orientation
com.google.android.gms.internal.auth.zzgq
com.google.android.gms.internal.fido.zzbe
com.google.android.gms.internal.firebase-auth-api.zztv
androidx.media2.common.SubtitleData
com.google.android.gms.internal.stats.zza
com.pichillilorenzo.flutter_inappwebview.in_app_webview.InAppWebViewClient$6
com.google.android.gms.internal.firebase-auth-api.zzago
com.google.android.gms.internal.firebase-auth-api.zzadi
com.google.android.gms.internal.auth.zzgc
com.google.android.gms.internal.firebase-auth-api.zzahi
com.google.android.gms.internal.firebase-auth-api.zzod
com.google.android.gms.internal.firebase-auth-api.zzhp
com.google.android.gms.internal.firebase-auth-api.zzxh
com.google.android.gms.internal.auth.zzax
com.google.android.gms.internal.firebase-auth-api.zzaib
com.google.android.gms.internal.firebase-auth-api.zzch
com.google.android.gms.internal.firebase-auth-api.zzpz
com.google.android.recaptcha.internal.zzmk
com.google.android.gms.internal.firebase-auth-api.zzxs
com.google.android.gms.internal.firebase-auth-api.zzjc
com.google.android.gms.internal.firebase-auth-api.zzagg
com.dexterous.flutterlocalnotifications.models.IconSource
com.google.android.gms.internal.firebase-auth-api.zzln
com.google.android.gms.internal.firebase-auth-api.zzabh
com.google.android.gms.internal.auth.zzbv
androidx.window.embedding.ActivityStack
com.google.android.gms.internal.firebase-auth-api.zzhl
com.google.android.gms.internal.firebase-auth-api.zzacb
com.google.android.gms.internal.auth.zzbs
com.google.android.gms.internal.auth-api-phone.zzf
com.google.android.gms.internal.common.zzah
com.pichillilorenzo.flutter_inappwebview.chrome_custom_tabs.TrustedWebActivity
com.google.android.gms.internal.auth.zzco
androidx.window.embedding.SplitRule$LayoutDir
com.google.android.play.core.integrity.IntegrityManager
com.google.android.gms.internal.firebase-auth-api.zzdu
com.google.android.gms.internal.firebase-auth-api.zzhu
com.google.android.gms.internal.firebase-auth-api.zzwg
com.google.android.gms.internal.auth.zzbo
com.google.android.recaptcha.internal.zzhx
com.google.android.recaptcha.internal.zzme
com.google.android.gms.internal.auth.zzgx
com.google.android.gms.tasks.zzr